2020-05-26 17:47:54 Tue - INFO - ui_www.py - Casjc_www_login - line: 25 - 官网用户登录 点击登录按钮，进入登录页面
2020-05-26 17:48:05 Tue - INFO - ui_www.py - Casjc_www_login - line: 35 - 官网用户登录 登录成功
2020-05-26 17:48:21 Tue - INFO - ui_www.py - Casjc_www_mail_regist - line: 58 - 邮箱注册 点击注册按钮，进入注册页面
2020-05-26 17:48:25 Tue - INFO - ui_www.py - Casjc_www_mail_regist - line: 63 - 邮箱注册 输入用户账号uireg0526174825
2020-05-26 17:48:26 Tue - INFO - ui_www.py - Casjc_www_mail_regist - line: 66 - 邮箱注册 输入密码
2020-05-26 17:48:26 Tue - INFO - ui_www.py - Casjc_www_mail_regist - line: 69 - 邮箱注册 输入确认密码
2020-05-26 17:48:27 Tue - INFO - ui_www.py - Casjc_www_mail_regist - line: 78 - 邮箱注册 输入邮箱xvoerk28614@chacuo.net
2020-05-26 17:48:34 Tue - INFO - ui_www.py - Casjc_www_mail_regist - line: 84 - 邮箱注册 点击获取验证码按钮
2020-05-26 17:48:46 Tue - INFO - casjc_mode.py - Casjc_mailcode - line: 84 - {"status":1,"info":"ok","data":[{"stat":{"refusemail":"295214717","sucmail":"203456646","20200526":0,"curmail":"64283","totalmail":498671363},"user":{"UID":"493275125","USER":"xvoerk28614","STATUS":"1","ADDTIME":"2020-05-26 17:48:29","EXPIRETIME":"2020-05-27 17:48:29","IP":"106.120.127.15","NUM":"0","FORWARD":""},"list":[]}]}
2020-05-26 17:48:46 Tue - INFO - casjc_mode.py - Casjc_mailcode - line: 85 - 等待0秒没有获取到邮箱验证码
2020-05-26 17:48:56 Tue - INFO - casjc_mode.py - Casjc_mailcode - line: 84 - {"status":1,"info":"ok","data":[{"stat":{"refusemail":"295214719","sucmail":"203456653","20200526":0,"curmail":"64292","totalmail":498671372},"user":{"UID":"493275125","USER":"xvoerk28614","STATUS":"1","ADDTIME":"2020-05-26 17:48:29","EXPIRETIME":"2020-05-27 17:48:29","IP":"106.120.127.15","NUM":"0","FORWARD":""},"list":[{"UID":493275125,"TO":"<xvoerk28614@chacuo.net>","PATCH":0,"ISREAD":0,"SENDTIME":"2020-05-26 17:48:04","FROM":"<casjctest@casjc.cn>","SUBJECT":"\u90ae\u7bb1\u9a8c\u8bc1","MID":203514904,"SIZE":2022}]}]}
2020-05-26 17:48:56 Tue - INFO - casjc_mode.py - Casjc_mailcode - line: 85 - 等待10秒没有获取到邮箱验证码
2020-05-26 17:48:57 Tue - INFO - casjc_mode.py - Casjc_mailcode - line: 101 - 获取到邮箱验证码166834
2020-05-26 17:48:57 Tue - INFO - ui_www.py - Casjc_www_mail_regist - line: 93 - 邮箱注册 输入验证码166834
2020-05-26 17:48:59 Tue - INFO - ui_www.py - Casjc_www_mail_regist - line: 96 - 邮箱注册 点击注册按钮
2020-05-26 17:49:03 Tue - INFO - ui_www.py - Casjc_www_mail_regist - line: 101 - 邮箱注册 注册成功
2020-05-26 17:49:23 Tue - INFO - ui_www.py - Casjc_www_phone_regist - line: 119 - 手机号注册 点击注册按钮，进入注册页面
2020-05-26 17:49:27 Tue - INFO - ui_www.py - Casjc_www_phone_regist - line: 123 - 手机号注册 点击手机号注册tab，进入手机号注册页面
2020-05-26 17:49:31 Tue - INFO - ui_www.py - Casjc_www_phone_regist - line: 128 - 手机号注册 输入用户账户uireg0526174931
2020-05-26 17:49:33 Tue - INFO - ui_www.py - Casjc_www_phone_regist - line: 131 - 手机号注册 输入密码
2020-05-26 17:49:34 Tue - INFO - ui_www.py - Casjc_www_phone_regist - line: 134 - 手机号注册 输入确认密码
2020-05-26 17:49:39 Tue - INFO - casjc_mode.py - Casjc_phone - line: 119 - 获取可用手机号: http://yunjiema.net/zhongguohaoma/8616571894627/
2020-05-26 17:49:40 Tue - INFO - casjc_mode.py - Casjc_phone - line: 119 - 获取可用手机号: http://yunjiema.net/zhongguohaoma/8613695754232/
2020-05-26 17:49:40 Tue - INFO - ui_www.py - Casjc_www_phone_regist - line: 156 - 手机号注册 输入手机号13695754232
2020-05-26 17:49:46 Tue - INFO - ui_www.py - Casjc_www_phone_regist - line: 162 - 手机号注册 点击获取验证码按钮
2020-05-26 17:50:09 Tue - INFO - casjc_mode.py - Casjc_phonecode - line: 137 - 等待8秒没有获取到手机验证码
2020-05-26 17:50:17 Tue - INFO - casjc_mode.py - Casjc_phonecode - line: 137 - 等待16秒没有获取到手机验证码
2020-05-26 17:50:28 Tue - INFO - casjc_mode.py - Casjc_phonecode - line: 137 - 等待24秒没有获取到手机验证码
2020-05-26 17:50:37 Tue - INFO - casjc_mode.py - Casjc_phonecode - line: 137 - 等待32秒没有获取到手机验证码
2020-05-26 17:50:48 Tue - INFO - casjc_mode.py - Casjc_phonecode - line: 137 - 等待40秒没有获取到手机验证码
2020-05-26 17:50:58 Tue - INFO - casjc_mode.py - Casjc_phonecode - line: 137 - 等待48秒没有获取到手机验证码
2020-05-26 17:51:12 Tue - INFO - casjc_mode.py - Casjc_phonecode - line: 137 - 等待56秒没有获取到手机验证码
2020-05-26 17:51:22 Tue - INFO - casjc_mode.py - Casjc_phonecode - line: 137 - 等待64秒没有获取到手机验证码
2020-05-26 17:51:32 Tue - INFO - casjc_mode.py - Casjc_phonecode - line: 137 - 等待72秒没有获取到手机验证码
2020-05-26 17:51:41 Tue - INFO - casjc_mode.py - Casjc_phonecode - line: 137 - 等待80秒没有获取到手机验证码
2020-05-26 17:51:51 Tue - INFO - casjc_mode.py - Casjc_phonecode - line: 137 - 等待88秒没有获取到手机验证码
2020-05-26 17:52:00 Tue - INFO - casjc_mode.py - Casjc_phonecode - line: 137 - 等待96秒没有获取到手机验证码
2020-05-26 17:52:10 Tue - INFO - casjc_mode.py - Casjc_phonecode - line: 137 - 等待104秒没有获取到手机验证码
2020-05-26 17:52:19 Tue - INFO - casjc_mode.py - Casjc_phonecode - line: 137 - 等待112秒没有获取到手机验证码
2020-05-26 17:52:30 Tue - INFO - casjc_mode.py - Casjc_phonecode - line: 137 - 等待120秒没有获取到手机验证码
2020-05-26 17:52:41 Tue - INFO - casjc_mode.py - Casjc_phonecode - line: 137 - 等待128秒没有获取到手机验证码
2020-05-26 17:52:52 Tue - INFO - casjc_mode.py - Casjc_phonecode - line: 137 - 等待136秒没有获取到手机验证码
2020-05-26 17:53:00 Tue - INFO - casjc_mode.py - Casjc_phonecode - line: 137 - 等待144秒没有获取到手机验证码
2020-05-26 17:53:11 Tue - INFO - casjc_mode.py - Casjc_phonecode - line: 137 - 等待152秒没有获取到手机验证码
2020-05-26 17:53:20 Tue - INFO - casjc_mode.py - Casjc_phonecode - line: 137 - 等待160秒没有获取到手机验证码
2020-05-26 17:53:31 Tue - INFO - casjc_mode.py - Casjc_phonecode - line: 137 - 等待168秒没有获取到手机验证码
2020-05-26 17:53:40 Tue - INFO - casjc_mode.py - Casjc_phonecode - line: 137 - 等待176秒没有获取到手机验证码
2020-05-26 17:53:51 Tue - INFO - casjc_mode.py - Casjc_phonecode - line: 137 - 等待184秒没有获取到手机验证码
2020-05-26 17:54:00 Tue - INFO - casjc_mode.py - Casjc_phonecode - line: 137 - 等待192秒没有获取到手机验证码
2020-05-26 17:54:10 Tue - INFO - casjc_mode.py - Casjc_phonecode - line: 137 - 等待200秒没有获取到手机验证码
2020-05-26 17:54:19 Tue - INFO - casjc_mode.py - Casjc_phonecode - line: 137 - 等待208秒没有获取到手机验证码
2020-05-26 17:54:29 Tue - INFO - casjc_mode.py - Casjc_phonecode - line: 137 - 等待216秒没有获取到手机验证码
2020-05-26 17:54:38 Tue - INFO - casjc_mode.py - Casjc_phonecode - line: 137 - 等待224秒没有获取到手机验证码
2020-05-26 17:54:48 Tue - INFO - casjc_mode.py - Casjc_phonecode - line: 137 - 等待232秒没有获取到手机验证码
2020-05-26 17:54:57 Tue - INFO - casjc_mode.py - Casjc_phonecode - line: 137 - 等待240秒没有获取到手机验证码
2020-05-26 17:55:05 Tue - INFO - casjc_mode.py - Casjc_phonecode - line: 148 - 等待300秒没有找到国科晋云验证码
2020-05-26 17:55:23 Tue - INFO - ui_www.py - Casjc_www_try - line: 196 - 官网通过试用申请登录 点击申请试用按钮
2020-05-26 17:55:36 Tue - INFO - ui_www.py - Casjc_www_try - line: 210 - 官网通过试用申请登录 登录成功
2020-05-26 17:55:39 Tue - INFO - casjc_mode.py - Run_result - line: 160 - 执行结果插入到数据库
