2020-05-26 17:16:59 Tue - INFO - ui_www.py - Casjc_www_login - line: 25 - 官网用户登录 点击登录按钮，进入登录页面
2020-05-26 17:17:08 Tue - INFO - ui_www.py - Casjc_www_login - line: 35 - 官网用户登录 登录成功
2020-05-26 17:17:31 Tue - INFO - ui_www.py - Casjc_www_mail_regist - line: 58 - 邮箱注册 点击注册按钮，进入注册页面
2020-05-26 17:17:34 Tue - INFO - ui_www.py - Casjc_www_mail_regist - line: 63 - 邮箱注册 输入用户账号uireg0526171734
2020-05-26 17:17:36 Tue - INFO - ui_www.py - Casjc_www_mail_regist - line: 66 - 邮箱注册 输入密码
2020-05-26 17:17:38 Tue - INFO - ui_www.py - Casjc_www_mail_regist - line: 69 - 邮箱注册 输入确认密码
2020-05-26 17:17:39 Tue - INFO - ui_www.py - Casjc_www_mail_regist - line: 78 - 邮箱注册 输入邮箱vscliz12506@chacuo.net
2020-05-26 17:17:45 Tue - INFO - ui_www.py - Casjc_www_mail_regist - line: 84 - 邮箱注册 点击获取验证码按钮
2020-05-26 17:17:56 Tue - INFO - casjc_mode.py - Casjc_mailcode - line: 84 - {"status":1,"info":"ok","data":[{"stat":{"refusemail":"295212841","sucmail":"203456018","20200526":0,"curmail":"61779","totalmail":498668859},"user":{"UID":"493273614","USER":"vscliz12506","STATUS":"1","ADDTIME":"2020-05-26 17:17:41","EXPIRETIME":"2020-05-27 17:17:41","IP":"106.120.127.15","NUM":"0","FORWARD":""},"list":[]}]}
2020-05-26 17:17:56 Tue - INFO - casjc_mode.py - Casjc_mailcode - line: 85 - 等待0秒没有获取到邮箱验证码等待0秒没有获取到邮箱验证码等待0秒没有获取到邮箱验证码等待0秒没有获取到邮箱验证码等待0秒没有获取到邮箱验证码等待0秒没有获取到邮箱验证码等待0秒没有获取到邮箱验证码等待0秒没有获取到邮箱验证码等待0秒没有获取到邮箱验证码等待0秒没有获取到邮箱验证码
2020-05-26 17:18:06 Tue - INFO - casjc_mode.py - Casjc_mailcode - line: 84 - {"status":1,"info":"ok","data":[{"stat":{"refusemail":"295212847","sucmail":"203456021","20200526":0,"curmail":"61788","totalmail":498668868},"user":{"UID":"493273614","USER":"vscliz12506","STATUS":"1","ADDTIME":"2020-05-26 17:17:41","EXPIRETIME":"2020-05-27 17:17:41","IP":"106.120.127.15","NUM":"0","FORWARD":""},"list":[]}]}
2020-05-26 17:18:06 Tue - INFO - casjc_mode.py - Casjc_mailcode - line: 85 - 等待1秒没有获取到邮箱验证码等待1秒没有获取到邮箱验证码等待1秒没有获取到邮箱验证码等待1秒没有获取到邮箱验证码等待1秒没有获取到邮箱验证码等待1秒没有获取到邮箱验证码等待1秒没有获取到邮箱验证码等待1秒没有获取到邮箱验证码等待1秒没有获取到邮箱验证码等待1秒没有获取到邮箱验证码
2020-05-26 17:18:16 Tue - INFO - casjc_mode.py - Casjc_mailcode - line: 84 - {"status":1,"info":"ok","data":[{"stat":{"refusemail":"295212850","sucmail":"203456026","20200526":0,"curmail":"61796","totalmail":498668876},"user":{"UID":"493273614","USER":"vscliz12506","STATUS":"1","ADDTIME":"2020-05-26 17:17:41","EXPIRETIME":"2020-05-27 17:17:41","IP":"106.120.127.15","NUM":"0","FORWARD":""},"list":[{"UID":493273614,"TO":"<vscliz12506@chacuo.net>","PATCH":0,"ISREAD":0,"SENDTIME":"2020-05-26 17:17:13","FROM":"<casjctest@casjc.cn>","SUBJECT":"\u90ae\u7bb1\u9a8c\u8bc1","MID":203514276,"SIZE":2002}]}]}
2020-05-26 17:18:16 Tue - INFO - casjc_mode.py - Casjc_mailcode - line: 85 - 等待2秒没有获取到邮箱验证码等待2秒没有获取到邮箱验证码等待2秒没有获取到邮箱验证码等待2秒没有获取到邮箱验证码等待2秒没有获取到邮箱验证码等待2秒没有获取到邮箱验证码等待2秒没有获取到邮箱验证码等待2秒没有获取到邮箱验证码等待2秒没有获取到邮箱验证码等待2秒没有获取到邮箱验证码
2020-05-26 17:18:16 Tue - INFO - ui_www.py - Casjc_www_mail_regist - line: 93 - 邮箱注册 输入验证码292899
2020-05-26 17:18:17 Tue - INFO - ui_www.py - Casjc_www_mail_regist - line: 96 - 邮箱注册 点击注册按钮
2020-05-26 17:18:21 Tue - INFO - ui_www.py - Casjc_www_mail_regist - line: 101 - 邮箱注册 注册成功
2020-05-26 17:18:46 Tue - INFO - ui_www.py - Casjc_www_phone_regist - line: 119 - 手机号注册 点击注册按钮，进入注册页面
2020-05-26 17:18:50 Tue - INFO - ui_www.py - Casjc_www_phone_regist - line: 123 - 手机号注册 点击手机号注册tab，进入手机号注册页面
2020-05-26 17:18:53 Tue - INFO - ui_www.py - Casjc_www_phone_regist - line: 128 - 手机号注册 输入用户账户uireg0526171853
2020-05-26 17:18:55 Tue - INFO - ui_www.py - Casjc_www_phone_regist - line: 131 - 手机号注册 输入密码
2020-05-26 17:18:56 Tue - INFO - ui_www.py - Casjc_www_phone_regist - line: 134 - 手机号注册 输入确认密码
2020-05-26 17:18:59 Tue - INFO - casjc_mode.py - Casjc_phone - line: 118 - 获取可用手机号: http://yunjiema.net/zhongguohaoma/8616571894627/
2020-05-26 17:19:01 Tue - INFO - casjc_mode.py - Casjc_phone - line: 118 - 获取可用手机号: http://yunjiema.net/zhongguohaoma/8613695754232/
2020-05-26 17:19:01 Tue - INFO - ui_www.py - Casjc_www_phone_regist - line: 156 - 手机号注册 输入手机号13695754232
2020-05-26 17:19:05 Tue - INFO - ui_www.py - Casjc_www_phone_regist - line: 162 - 手机号注册 点击获取验证码按钮
2020-05-26 17:19:28 Tue - INFO - casjc_mode.py - Casjc_phonecode - line: 136 - 等待1秒没有获取到手机验证码等待1秒没有获取到手机验证码等待1秒没有获取到手机验证码等待1秒没有获取到手机验证码等待1秒没有获取到手机验证码等待1秒没有获取到手机验证码等待1秒没有获取到手机验证码等待1秒没有获取到手机验证码
2020-05-26 17:19:38 Tue - INFO - casjc_mode.py - Casjc_phonecode - line: 136 - 等待2秒没有获取到手机验证码等待2秒没有获取到手机验证码等待2秒没有获取到手机验证码等待2秒没有获取到手机验证码等待2秒没有获取到手机验证码等待2秒没有获取到手机验证码等待2秒没有获取到手机验证码等待2秒没有获取到手机验证码
2020-05-26 17:19:49 Tue - INFO - casjc_mode.py - Casjc_phonecode - line: 136 - 等待3秒没有获取到手机验证码等待3秒没有获取到手机验证码等待3秒没有获取到手机验证码等待3秒没有获取到手机验证码等待3秒没有获取到手机验证码等待3秒没有获取到手机验证码等待3秒没有获取到手机验证码等待3秒没有获取到手机验证码
2020-05-26 17:19:58 Tue - INFO - casjc_mode.py - Casjc_phonecode - line: 136 - 等待4秒没有获取到手机验证码等待4秒没有获取到手机验证码等待4秒没有获取到手机验证码等待4秒没有获取到手机验证码等待4秒没有获取到手机验证码等待4秒没有获取到手机验证码等待4秒没有获取到手机验证码等待4秒没有获取到手机验证码
2020-05-26 17:20:09 Tue - INFO - casjc_mode.py - Casjc_phonecode - line: 136 - 等待5秒没有获取到手机验证码等待5秒没有获取到手机验证码等待5秒没有获取到手机验证码等待5秒没有获取到手机验证码等待5秒没有获取到手机验证码等待5秒没有获取到手机验证码等待5秒没有获取到手机验证码等待5秒没有获取到手机验证码
2020-05-26 17:20:19 Tue - INFO - casjc_mode.py - Casjc_phonecode - line: 136 - 等待6秒没有获取到手机验证码等待6秒没有获取到手机验证码等待6秒没有获取到手机验证码等待6秒没有获取到手机验证码等待6秒没有获取到手机验证码等待6秒没有获取到手机验证码等待6秒没有获取到手机验证码等待6秒没有获取到手机验证码
2020-05-26 17:20:29 Tue - INFO - casjc_mode.py - Casjc_phonecode - line: 136 - 等待7秒没有获取到手机验证码等待7秒没有获取到手机验证码等待7秒没有获取到手机验证码等待7秒没有获取到手机验证码等待7秒没有获取到手机验证码等待7秒没有获取到手机验证码等待7秒没有获取到手机验证码等待7秒没有获取到手机验证码
2020-05-26 17:20:39 Tue - INFO - casjc_mode.py - Casjc_phonecode - line: 136 - 等待8秒没有获取到手机验证码等待8秒没有获取到手机验证码等待8秒没有获取到手机验证码等待8秒没有获取到手机验证码等待8秒没有获取到手机验证码等待8秒没有获取到手机验证码等待8秒没有获取到手机验证码等待8秒没有获取到手机验证码
2020-05-26 17:20:54 Tue - INFO - casjc_mode.py - Casjc_phonecode - line: 136 - 等待9秒没有获取到手机验证码等待9秒没有获取到手机验证码等待9秒没有获取到手机验证码等待9秒没有获取到手机验证码等待9秒没有获取到手机验证码等待9秒没有获取到手机验证码等待9秒没有获取到手机验证码等待9秒没有获取到手机验证码
2020-05-26 17:21:03 Tue - INFO - casjc_mode.py - Casjc_phonecode - line: 136 - 等待10秒没有获取到手机验证码等待10秒没有获取到手机验证码等待10秒没有获取到手机验证码等待10秒没有获取到手机验证码等待10秒没有获取到手机验证码等待10秒没有获取到手机验证码等待10秒没有获取到手机验证码等待10秒没有获取到手机验证码
2020-05-26 17:21:17 Tue - INFO - casjc_mode.py - Casjc_phonecode - line: 136 - 等待11秒没有获取到手机验证码等待11秒没有获取到手机验证码等待11秒没有获取到手机验证码等待11秒没有获取到手机验证码等待11秒没有获取到手机验证码等待11秒没有获取到手机验证码等待11秒没有获取到手机验证码等待11秒没有获取到手机验证码
2020-05-26 17:21:27 Tue - INFO - casjc_mode.py - Casjc_phonecode - line: 136 - 等待12秒没有获取到手机验证码等待12秒没有获取到手机验证码等待12秒没有获取到手机验证码等待12秒没有获取到手机验证码等待12秒没有获取到手机验证码等待12秒没有获取到手机验证码等待12秒没有获取到手机验证码等待12秒没有获取到手机验证码
2020-05-26 17:21:41 Tue - INFO - casjc_mode.py - Casjc_phonecode - line: 136 - 等待13秒没有获取到手机验证码等待13秒没有获取到手机验证码等待13秒没有获取到手机验证码等待13秒没有获取到手机验证码等待13秒没有获取到手机验证码等待13秒没有获取到手机验证码等待13秒没有获取到手机验证码等待13秒没有获取到手机验证码
2020-05-26 17:21:50 Tue - INFO - casjc_mode.py - Casjc_phonecode - line: 136 - 等待14秒没有获取到手机验证码等待14秒没有获取到手机验证码等待14秒没有获取到手机验证码等待14秒没有获取到手机验证码等待14秒没有获取到手机验证码等待14秒没有获取到手机验证码等待14秒没有获取到手机验证码等待14秒没有获取到手机验证码
2020-05-26 17:22:00 Tue - INFO - casjc_mode.py - Casjc_phonecode - line: 136 - 等待15秒没有获取到手机验证码等待15秒没有获取到手机验证码等待15秒没有获取到手机验证码等待15秒没有获取到手机验证码等待15秒没有获取到手机验证码等待15秒没有获取到手机验证码等待15秒没有获取到手机验证码等待15秒没有获取到手机验证码
2020-05-26 17:22:09 Tue - INFO - casjc_mode.py - Casjc_phonecode - line: 136 - 等待16秒没有获取到手机验证码等待16秒没有获取到手机验证码等待16秒没有获取到手机验证码等待16秒没有获取到手机验证码等待16秒没有获取到手机验证码等待16秒没有获取到手机验证码等待16秒没有获取到手机验证码等待16秒没有获取到手机验证码
2020-05-26 17:22:21 Tue - INFO - casjc_mode.py - Casjc_phonecode - line: 136 - 等待17秒没有获取到手机验证码等待17秒没有获取到手机验证码等待17秒没有获取到手机验证码等待17秒没有获取到手机验证码等待17秒没有获取到手机验证码等待17秒没有获取到手机验证码等待17秒没有获取到手机验证码等待17秒没有获取到手机验证码
2020-05-26 17:22:29 Tue - INFO - casjc_mode.py - Casjc_phonecode - line: 136 - 等待18秒没有获取到手机验证码等待18秒没有获取到手机验证码等待18秒没有获取到手机验证码等待18秒没有获取到手机验证码等待18秒没有获取到手机验证码等待18秒没有获取到手机验证码等待18秒没有获取到手机验证码等待18秒没有获取到手机验证码
2020-05-26 17:22:40 Tue - INFO - casjc_mode.py - Casjc_phonecode - line: 136 - 等待19秒没有获取到手机验证码等待19秒没有获取到手机验证码等待19秒没有获取到手机验证码等待19秒没有获取到手机验证码等待19秒没有获取到手机验证码等待19秒没有获取到手机验证码等待19秒没有获取到手机验证码等待19秒没有获取到手机验证码
2020-05-26 17:22:49 Tue - INFO - casjc_mode.py - Casjc_phonecode - line: 136 - 等待20秒没有获取到手机验证码等待20秒没有获取到手机验证码等待20秒没有获取到手机验证码等待20秒没有获取到手机验证码等待20秒没有获取到手机验证码等待20秒没有获取到手机验证码等待20秒没有获取到手机验证码等待20秒没有获取到手机验证码
2020-05-26 17:22:59 Tue - INFO - casjc_mode.py - Casjc_phonecode - line: 136 - 等待21秒没有获取到手机验证码等待21秒没有获取到手机验证码等待21秒没有获取到手机验证码等待21秒没有获取到手机验证码等待21秒没有获取到手机验证码等待21秒没有获取到手机验证码等待21秒没有获取到手机验证码等待21秒没有获取到手机验证码
2020-05-26 17:23:10 Tue - INFO - casjc_mode.py - Casjc_phonecode - line: 136 - 等待22秒没有获取到手机验证码等待22秒没有获取到手机验证码等待22秒没有获取到手机验证码等待22秒没有获取到手机验证码等待22秒没有获取到手机验证码等待22秒没有获取到手机验证码等待22秒没有获取到手机验证码等待22秒没有获取到手机验证码
2020-05-26 17:23:22 Tue - INFO - casjc_mode.py - Casjc_phonecode - line: 136 - 等待23秒没有获取到手机验证码等待23秒没有获取到手机验证码等待23秒没有获取到手机验证码等待23秒没有获取到手机验证码等待23秒没有获取到手机验证码等待23秒没有获取到手机验证码等待23秒没有获取到手机验证码等待23秒没有获取到手机验证码
2020-05-26 17:23:31 Tue - INFO - casjc_mode.py - Casjc_phonecode - line: 136 - 等待24秒没有获取到手机验证码等待24秒没有获取到手机验证码等待24秒没有获取到手机验证码等待24秒没有获取到手机验证码等待24秒没有获取到手机验证码等待24秒没有获取到手机验证码等待24秒没有获取到手机验证码等待24秒没有获取到手机验证码
2020-05-26 17:23:41 Tue - INFO - casjc_mode.py - Casjc_phonecode - line: 136 - 等待25秒没有获取到手机验证码等待25秒没有获取到手机验证码等待25秒没有获取到手机验证码等待25秒没有获取到手机验证码等待25秒没有获取到手机验证码等待25秒没有获取到手机验证码等待25秒没有获取到手机验证码等待25秒没有获取到手机验证码
2020-05-26 17:23:50 Tue - INFO - casjc_mode.py - Casjc_phonecode - line: 136 - 等待26秒没有获取到手机验证码等待26秒没有获取到手机验证码等待26秒没有获取到手机验证码等待26秒没有获取到手机验证码等待26秒没有获取到手机验证码等待26秒没有获取到手机验证码等待26秒没有获取到手机验证码等待26秒没有获取到手机验证码
2020-05-26 17:24:03 Tue - INFO - casjc_mode.py - Casjc_phonecode - line: 136 - 等待27秒没有获取到手机验证码等待27秒没有获取到手机验证码等待27秒没有获取到手机验证码等待27秒没有获取到手机验证码等待27秒没有获取到手机验证码等待27秒没有获取到手机验证码等待27秒没有获取到手机验证码等待27秒没有获取到手机验证码
2020-05-26 17:24:12 Tue - INFO - casjc_mode.py - Casjc_phonecode - line: 136 - 等待28秒没有获取到手机验证码等待28秒没有获取到手机验证码等待28秒没有获取到手机验证码等待28秒没有获取到手机验证码等待28秒没有获取到手机验证码等待28秒没有获取到手机验证码等待28秒没有获取到手机验证码等待28秒没有获取到手机验证码
2020-05-26 17:24:22 Tue - INFO - casjc_mode.py - Casjc_phonecode - line: 136 - 等待29秒没有获取到手机验证码等待29秒没有获取到手机验证码等待29秒没有获取到手机验证码等待29秒没有获取到手机验证码等待29秒没有获取到手机验证码等待29秒没有获取到手机验证码等待29秒没有获取到手机验证码等待29秒没有获取到手机验证码
2020-05-26 17:24:31 Tue - INFO - casjc_mode.py - Casjc_phonecode - line: 136 - 等待30秒没有获取到手机验证码等待30秒没有获取到手机验证码等待30秒没有获取到手机验证码等待30秒没有获取到手机验证码等待30秒没有获取到手机验证码等待30秒没有获取到手机验证码等待30秒没有获取到手机验证码等待30秒没有获取到手机验证码
2020-05-26 17:24:39 Tue - INFO - casjc_mode.py - Casjc_phonecode - line: 146 - 等待300秒没有找到国科晋云验证码
2020-05-26 17:24:56 Tue - INFO - ui_www.py - Casjc_www_try - line: 196 - 官网通过试用申请登录 点击申请试用按钮
2020-05-26 17:25:05 Tue - INFO - ui_www.py - Casjc_www_try - line: 210 - 官网通过试用申请登录 登录成功
2020-05-26 17:25:08 Tue - INFO - casjc_mode.py - Run_result - line: 158 - 执行结果插入到数据库
